Configuring binary-bits-0.5...
Building binary-bits-0.5...
Preprocessing library binary-bits-0.5...
[1 of 3] Compiling Data.Binary.Bits.Put ( Data/Binary/Bits/Put.hs, .stack-work/dist/x86_64-linux/Cabal-1.24.2.0/build/Data/Binary/Bits/Put.o )

Data/Binary/Bits/Put.hs:41:1: warning: [-Wunused-imports]
    The import of ‘Control.Applicative’ is redundant
      except perhaps to import instances from ‘Control.Applicative’
    To import instances alone, use: import Control.Applicative()

Data/Binary/Bits/Put.hs:43:1: warning: [-Wunused-imports]
    The import of ‘Data.Monoid’ is redundant
      except perhaps to import instances from ‘Data.Monoid’
    To import instances alone, use: import Data.Monoid()
[2 of 3] Compiling Data.Binary.Bits.Get ( Data/Binary/Bits/Get.hs, .stack-work/dist/x86_64-linux/Cabal-1.24.2.0/build/Data/Binary/Bits/Get.o )

Data/Binary/Bits/Get.hs:86:1: warning: [-Wunused-imports]
    The import of ‘B.getByteString, runGet’
    from module ‘Data.Binary.Get’ is redundant

Data/Binary/Bits/Get.hs:207:1: warning: [-Wincomplete-patterns]
    Pattern match(es) are non-exhaustive
    In an equation for ‘readWord8’: Patterns not matched: _ (S _ _)

Data/Binary/Bits/Get.hs:293:1: warning: [-Wincomplete-patterns]
    Pattern match(es) are non-exhaustive
    In an equation for ‘readWithoutOffset’:
        Patterns not matched: (S _ _) _ _ _

Data/Binary/Bits/Get.hs:299:22: warning: [-Wname-shadowing]
    This binding for ‘n’ shadows the existing binding
      bound at Data/Binary/Bits/Get.hs:293:46

Data/Binary/Bits/Get.hs:307:22: warning: [-Wname-shadowing]
    This binding for ‘n’ shadows the existing binding
      bound at Data/Binary/Bits/Get.hs:293:46

Data/Binary/Bits/Get.hs:311:19: warning: [-Wname-shadowing]
    This binding for ‘last’ shadows the existing bindings
      imported from ‘Data.ByteString’ at Data/Binary/Bits/Get.hs:89:1-27
      imported from ‘Prelude’ at Data/Binary/Bits/Get.hs:97:1-19
      (and originally defined in ‘GHC.List’)

Data/Binary/Bits/Get.hs:318:1: warning: [-Wincomplete-patterns]
    Pattern match(es) are non-exhaustive
    In an equation for ‘readWithOffset’:
        Patterns not matched: (S _ _) _ _ _

Data/Binary/Bits/Get.hs:326:22: warning: [-Wname-shadowing]
    This binding for ‘n’ shadows the existing binding
      bound at Data/Binary/Bits/Get.hs:318:43

Data/Binary/Bits/Get.hs:332:19: warning: [-Wname-shadowing]
    This binding for ‘last’ shadows the existing bindings
      imported from ‘Data.ByteString’ at Data/Binary/Bits/Get.hs:89:1-27
      imported from ‘Prelude’ at Data/Binary/Bits/Get.hs:97:1-19
      (and originally defined in ‘GHC.List’)

Data/Binary/Bits/Get.hs:470:1: warning: [-Wunused-top-binds]
    Defined but not used: ‘shiftl_w8’

Data/Binary/Bits/Get.hs:470:1: warning: [-Wmissing-signatures]
    Top-level binding with no type signature:
      shiftl_w8 :: Word8 -> Int -> Word8

Data/Binary/Bits/Get.hs:474:1: warning: [-Wmissing-signatures]
    Top-level binding with no type signature:
      shiftr_w8 :: Word8 -> Int -> Word8

Data/Binary/Bits/Get.hs:475:1: warning: [-Wmissing-signatures]
    Top-level binding with no type signature:
      shiftr_w16 :: Word16 -> Int -> Word16

Data/Binary/Bits/Get.hs:476:1: warning: [-Wmissing-signatures]
    Top-level binding with no type signature:
      shiftr_w32 :: Word32 -> Int -> Word32

Data/Binary/Bits/Get.hs:481:1: warning: [-Wmissing-signatures]
    Top-level binding with no type signature:
      shiftr_w64 :: Word64 -> Int -> Word64
[3 of 3] Compiling Data.Binary.Bits ( Data/Binary/Bits.hs, .stack-work/dist/x86_64-linux/Cabal-1.24.2.0/build/Data/Binary/Bits.o )
Installing library in
/users/ugrad/nating/.stack/snapshots/x86_64-linux/lts-9.12/8.0.2/lib/x86_64-linux-ghc-8.0.2/binary-bits-0.5-5C3nHVNpDc0FfsPl0JYlce
Registering binary-bits-0.5...
